JANUARY - Total Appointments: 0
FEBRUARY - Total Appointments: 0
MARCH - Total Appointments: 0
APRIL - Total Appointments: 0
MAY - Total Appointments: 0
JUNE - Total Appointments: 0
JULY - Total Appointments: 0
AUGUST - Total Appointments: 0
SEPTEMBER - Total Appointments: 0
OCTOBER - Total Appointments: 0
NOVEMBER - Total Appointments: 0
DECEMBER - Total Appointments: 0
JANUARY - Total Appointments: 3
FEBRUARY - Total Appointments: 0
MARCH - Total Appointments: 0
APRIL - Total Appointments: 0
MAY - Total Appointments: 0
JUNE - Total Appointments: 0
JULY - Total Appointments: 0
AUGUST - Total Appointments: 0
SEPTEMBER - Total Appointments: 0
OCTOBER - Total Appointments: 0
NOVEMBER - Total Appointments: 0
DECEMBER - Total Appointments: 0
